# JRE version: Java(TM) SE Runtime Environment (8.0_121-b13) (build 1.8.0_121-b13)
# Java VM: Java HotSpot(TM) 64-Bit Server VM (25.121-b13 mixed mode linux-amd64 compressed oops)
Heap:
 PSYoungGen      total 207360K, used 80341K [0x00000000eb700000, 0x0000000100000000, 0x0000000100000000)
  eden space 95232K, 0% used [0x00000000eb700000,0x00000000eb700000,0x00000000f1400000)
  from space 112128K, 71% used [0x00000000f1400000,0x00000000f62756e0,0x00000000f8180000)
  to   space 112128K, 0% used [0x00000000f9280000,0x00000000f9280000,0x0000000100000000)
 ParOldGen       total 526336K, used 526331K [0x00000000c2400000, 0x00000000e2600000, 0x00000000eb700000)
  object space 526336K, 99% used [0x00000000c2400000,0x00000000e25fef98,0x00000000e2600000)
 Metaspace       used 3518K, capacity 4568K, committed 4864K, reserved 1056768K
  class space    used 390K, capacity 392K, committed 512K, reserved 1048576K
GC Heap History (10 events):
Event: 23,842 GC heap after
Heap after GC invocations=14 (full 4):
 PSYoungGen      total 180224K, used 112128K [0x00000000eb700000, 0x00000000fd880000, 0x0000000100000000)
  eden space 68096K, 0% used [0x00000000eb700000,0x00000000eb700000,0x00000000ef980000)
  from space 112128K, 100% used [0x00000000f6700000,0x00000000fd480000,0x00000000fd480000)
  to   space 112128K, 0% used [0x00000000ef980000,0x00000000ef980000,0x00000000f6700000)
 ParOldGen       total 361984K, used 273639K [0x00000000c2400000, 0x00000000d8580000, 0x00000000eb700000)
  object space 361984K, 75% used [0x00000000c2400000,0x00000000d2f39c60,0x00000000d8580000)
 Metaspace       used 3518K, capacity 4568K, committed 4864K, reserved 1056768K
  class space    used 390K, capacity 392K, committed 512K, reserved 1048576K
}
Event: 24,006 GC heap before
{Heap before GC invocations=15 (full 4):
 PSYoungGen      total 180224K, used 180224K [0x00000000eb700000, 0x00000000fd880000, 0x0000000100000000)
  eden space 68096K, 100% used [0x00000000eb700000,0x00000000ef980000,0x00000000ef980000)
  from space 112128K, 100% used [0x00000000f6700000,0x00000000fd480000,0x00000000fd480000)
  to   space 112128K, 0% used [0x00000000ef980000,0x00000000ef980000,0x00000000f6700000)
 ParOldGen       total 361984K, used 273639K [0x00000000c2400000, 0x00000000d8580000, 0x00000000eb700000)
  object space 361984K, 75% used [0x00000000c2400000,0x00000000d2f39c60,0x00000000d8580000)
 Metaspace       used 3518K, capacity 4568K, committed 4864K, reserved 1056768K
  class space    used 390K, capacity 392K, committed 512K, reserved 1048576K
Event: 25,133 GC heap after
Heap after GC invocations=15 (full 4):
 PSYoungGen      total 180224K, used 112128K [0x00000000eb700000, 0x00000000fef00000, 0x0000000100000000)
  eden space 68096K, 0% used [0x00000000eb700000,0x00000000eb700000,0x00000000ef980000)
  from space 112128K, 100% used [0x00000000ef980000,0x00000000f6700000,0x00000000f6700000)
  to   space 112128K, 0% used [0x00000000f8180000,0x00000000f8180000,0x00000000fef00000)
 ParOldGen       total 361984K, used 341959K [0x00000000c2400000, 0x00000000d8580000, 0x00000000eb700000)
  object space 361984K, 94% used [0x00000000c2400000,0x00000000d71f1c60,0x00000000d8580000)
 Metaspace       used 3518K, capacity 4568K, committed 4864K, reserved 1056768K
  class space    used 390K, capacity 392K, committed 512K, reserved 1048576K
}
Event: 25,134 GC heap before
{Heap before GC invocations=16 (full 5):
 PSYoungGen      total 180224K, used 112128K [0x00000000eb700000, 0x00000000fef00000, 0x0000000100000000)
  eden space 68096K, 0% used [0x00000000eb700000,0x00000000eb700000,0x00000000ef980000)
  from space 112128K, 100% used [0x00000000ef980000,0x00000000f6700000,0x00000000f6700000)
  to   space 112128K, 0% used [0x00000000f8180000,0x00000000f8180000,0x00000000fef00000)
 ParOldGen       total 361984K, used 341959K [0x00000000c2400000, 0x00000000d8580000, 0x00000000eb700000)
  object space 361984K, 94% used [0x00000000c2400000,0x00000000d71f1c60,0x00000000d8580000)
 Metaspace       used 3518K, capacity 4568K, committed 4864K, reserved 1056768K
  class space    used 390K, capacity 392K, committed 512K, reserved 1048576K
Event: 33,160 GC heap after
Heap after GC invocations=16 (full 5):
 PSYoungGen      total 180224K, used 89001K [0x00000000eb700000, 0x00000000fef00000, 0x0000000100000000)
  eden space 68096K, 0% used [0x00000000eb700000,0x00000000eb700000,0x00000000ef980000)
  from space 112128K, 79% used [0x00000000ef980000,0x00000000f506a400,0x00000000f6700000)
  to   space 112128K, 0% used [0x00000000f8180000,0x00000000f8180000,0x00000000fef00000)
 ParOldGen       total 526336K, used 361944K [0x00000000c2400000, 0x00000000e2600000, 0x00000000eb700000)
  object space 526336K, 68% used [0x00000000c2400000,0x00000000d85763c0,0x00000000e2600000)
 Metaspace       used 3518K, capacity 4568K, committed 4864K, reserved 1056768K
  class space    used 390K, capacity 392K, committed 512K, reserved 1048576K
}
Event: 33,332 GC heap before
{Heap before GC invocations=17 (full 5):
 PSYoungGen      total 180224K, used 157097K [0x00000000eb700000, 0x00000000fef00000, 0x0000000100000000)
  eden space 68096K, 100% used [0x00000000eb700000,0x00000000ef980000,0x00000000ef980000)
  from space 112128K, 79% used [0x00000000ef980000,0x00000000f506a400,0x00000000f6700000)
  to   space 112128K, 0% used [0x00000000f8180000,0x00000000f8180000,0x00000000fef00000)
 ParOldGen       total 526336K, used 361944K [0x00000000c2400000, 0x00000000e2600000, 0x00000000eb700000)
  object space 526336K, 68% used [0x00000000c2400000,0x00000000d85763c0,0x00000000e2600000)
 Metaspace       used 3518K, capacity 4568K, committed 4864K, reserved 1056768K
  class space    used 390K, capacity 392K, committed 512K, reserved 1048576K
Event: 34,924 GC heap after
Heap after GC invocations=17 (full 5):
 PSYoungGen      total 202240K, used 112128K [0x00000000eb700000, 0x00000000fef00000, 0x0000000100000000)
  eden space 90112K, 0% used [0x00000000eb700000,0x00000000eb700000,0x00000000f0f00000)
  from space 112128K, 100% used [0x00000000f8180000,0x00000000fef00000,0x00000000fef00000)
  to   space 112128K, 0% used [0x00000000f1400000,0x00000000f1400000,0x00000000f8180000)
 ParOldGen       total 526336K, used 407184K [0x00000000c2400000, 0x00000000e2600000, 0x00000000eb700000)
  object space 526336K, 77% used [0x00000000c2400000,0x00000000db1a43c0,0x00000000e2600000)
 Metaspace       used 3518K, capacity 4568K, committed 4864K, reserved 1056768K
  class space    used 390K, capacity 392K, committed 512K, reserved 1048576K
}
Event: 35,144 GC heap before
{Heap before GC invocations=18 (full 5):
 PSYoungGen      total 202240K, used 202240K [0x00000000eb700000, 0x00000000fef00000, 0x0000000100000000)
  eden space 90112K, 100% used [0x00000000eb700000,0x00000000f0f00000,0x00000000f0f00000)
  from space 112128K, 100% used [0x00000000f8180000,0x00000000fef00000,0x00000000fef00000)
  to   space 112128K, 0% used [0x00000000f1400000,0x00000000f1400000,0x00000000f8180000)
 ParOldGen       total 526336K, used 407184K [0x00000000c2400000, 0x00000000e2600000, 0x00000000eb700000)
  object space 526336K, 77% used [0x00000000c2400000,0x00000000db1a43c0,0x00000000e2600000)
 Metaspace       used 3518K, capacity 4568K, committed 4864K, reserved 1056768K
  class space    used 390K, capacity 392K, committed 512K, reserved 1048576K
Event: 62,525 GC heap after
Heap after GC invocations=18 (full 5):
 PSYoungGen      total 207360K, used 90208K [0x00000000eb700000, 0x0000000100000000, 0x0000000100000000)
  eden space 95232K, 0% used [0x00000000eb700000,0x00000000eb700000,0x00000000f1400000)
  from space 112128K, 80% used [0x00000000f1400000,0x00000000f6c18000,0x00000000f8180000)
  to   space 112128K, 0% used [0x00000000f9280000,0x00000000f9280000,0x0000000100000000)
 ParOldGen       total 526336K, used 519648K [0x00000000c2400000, 0x00000000e2600000, 0x00000000eb700000)
  object space 526336K, 98% used [0x00000000c2400000,0x00000000e1f783c0,0x00000000e2600000)
 Metaspace       used 3518K, capacity 4568K, committed 4864K, reserved 1056768K
  class space    used 390K, capacity 392K, committed 512K, reserved 1048576K
}
Event: 62,581 GC heap before
{Heap before GC invocations=19 (full 6):
 PSYoungGen      total 207360K, used 90208K [0x00000000eb700000, 0x0000000100000000, 0x0000000100000000)
  eden space 95232K, 0% used [0x00000000eb700000,0x00000000eb700000,0x00000000f1400000)
  from space 112128K, 80% used [0x00000000f1400000,0x00000000f6c18000,0x00000000f8180000)
  to   space 112128K, 0% used [0x00000000f9280000,0x00000000f9280000,0x0000000100000000)
 ParOldGen       total 526336K, used 519648K [0x00000000c2400000, 0x00000000e2600000, 0x00000000eb700000)
  object space 526336K, 98% used [0x00000000c2400000,0x00000000e1f783c0,0x00000000e2600000)
 Metaspace       used 3518K, capacity 4568K, committed 4864K, reserved 1056768K
  class space    used 390K, capacity 392K, committed 512K, reserved 1048576K

