# JRE version: Java(TM) SE Runtime Environment (8.0_121-b13) (build 1.8.0_121-b13)
# Java VM: Java HotSpot(TM) 64-Bit Server VM (25.121-b13 mixed mode linux-amd64 compressed oops)
Heap:
 PSYoungGen      total 217088K, used 21071K [0x00000000eb700000, 0x0000000100000000, 0x0000000100000000)
  eden space 104960K, 0% used [0x00000000eb700000,0x00000000eb700000,0x00000000f1d80000)
  from space 112128K, 18% used [0x00000000f1d80000,0x00000000f3213df0,0x00000000f8b00000)
  to   space 112128K, 0% used [0x00000000f9280000,0x00000000f9280000,0x0000000100000000)
 ParOldGen       total 579072K, used 579050K [0x00000000c2400000, 0x00000000e5980000, 0x00000000eb700000)
  object space 579072K, 99% used [0x00000000c2400000,0x00000000e597abb0,0x00000000e5980000)
 Metaspace       used 4606K, capacity 4688K, committed 4864K, reserved 1056768K
  class space    used 481K, capacity 496K, committed 512K, reserved 1048576K
GC Heap History (10 events):
Event: 76,900 GC heap after
Heap after GC invocations=16 (full 4):
 PSYoungGen      total 185856K, used 106368K [0x00000000eb700000, 0x00000000fdd00000, 0x0000000100000000)
  eden space 73728K, 0% used [0x00000000eb700000,0x00000000eb700000,0x00000000eff00000)
  from space 112128K, 94% used [0x00000000f6c80000,0x00000000fd460000,0x00000000fda00000)
  to   space 112128K, 0% used [0x00000000eff00000,0x00000000eff00000,0x00000000f6c80000)
 ParOldGen       total 356864K, used 307605K [0x00000000c2400000, 0x00000000d8080000, 0x00000000eb700000)
  object space 356864K, 86% used [0x00000000c2400000,0x00000000d5065498,0x00000000d8080000)
 Metaspace       used 4605K, capacity 4684K, committed 4864K, reserved 1056768K
  class space    used 481K, capacity 496K, committed 512K, reserved 1048576K
}
Event: 77,050 GC heap before
{Heap before GC invocations=17 (full 4):
 PSYoungGen      total 185856K, used 180096K [0x00000000eb700000, 0x00000000fdd00000, 0x0000000100000000)
  eden space 73728K, 100% used [0x00000000eb700000,0x00000000eff00000,0x00000000eff00000)
  from space 112128K, 94% used [0x00000000f6c80000,0x00000000fd460000,0x00000000fda00000)
  to   space 112128K, 0% used [0x00000000eff00000,0x00000000eff00000,0x00000000f6c80000)
 ParOldGen       total 356864K, used 307605K [0x00000000c2400000, 0x00000000d8080000, 0x00000000eb700000)
  object space 356864K, 86% used [0x00000000c2400000,0x00000000d5065498,0x00000000d8080000)
 Metaspace       used 4605K, capacity 4688K, committed 4864K, reserved 1056768K
  class space    used 481K, capacity 496K, committed 512K, reserved 1048576K
Event: 105,470 GC heap after
Heap after GC invocations=17 (full 4):
 PSYoungGen      total 185856K, used 54240K [0x00000000eb700000, 0x00000000ffc80000, 0x0000000100000000)
  eden space 73728K, 0% used [0x00000000eb700000,0x00000000eb700000,0x00000000eff00000)
  from space 112128K, 48% used [0x00000000eff00000,0x00000000f33f8000,0x00000000f6c80000)
  to   space 112128K, 0% used [0x00000000f8f00000,0x00000000f8f00000,0x00000000ffc80000)
 ParOldGen       total 415232K, used 414269K [0x00000000c2400000, 0x00000000db980000, 0x00000000eb700000)
  object space 415232K, 99% used [0x00000000c2400000,0x00000000db88f498,0x00000000db980000)
 Metaspace       used 4605K, capacity 4688K, committed 4864K, reserved 1056768K
  class space    used 481K, capacity 496K, committed 512K, reserved 1048576K
}
Event: 105,501 GC heap before
{Heap before GC invocations=18 (full 5):
 PSYoungGen      total 185856K, used 54240K [0x00000000eb700000, 0x00000000ffc80000, 0x0000000100000000)
  eden space 73728K, 0% used [0x00000000eb700000,0x00000000eb700000,0x00000000eff00000)
  from space 112128K, 48% used [0x00000000eff00000,0x00000000f33f8000,0x00000000f6c80000)
  to   space 112128K, 0% used [0x00000000f8f00000,0x00000000f8f00000,0x00000000ffc80000)
 ParOldGen       total 415232K, used 414269K [0x00000000c2400000, 0x00000000db980000, 0x00000000eb700000)
  object space 415232K, 99% used [0x00000000c2400000,0x00000000db88f498,0x00000000db980000)
 Metaspace       used 4605K, capacity 4688K, committed 4864K, reserved 1056768K
  class space    used 481K, capacity 496K, committed 512K, reserved 1048576K
Event: 117,668 GC heap after
Heap after GC invocations=18 (full 5):
 PSYoungGen      total 185856K, used 52623K [0x00000000eb700000, 0x00000000ffc80000, 0x0000000100000000)
  eden space 73728K, 0% used [0x00000000eb700000,0x00000000eb700000,0x00000000eff00000)
  from space 112128K, 46% used [0x00000000eff00000,0x00000000f3263dc8,0x00000000f6c80000)
  to   space 112128K, 0% used [0x00000000f8f00000,0x00000000f8f00000,0x00000000ffc80000)
 ParOldGen       total 579072K, used 415104K [0x00000000c2400000, 0x00000000e5980000, 0x00000000eb700000)
  object space 579072K, 71% used [0x00000000c2400000,0x00000000db9600e8,0x00000000e5980000)
 Metaspace       used 4605K, capacity 4688K, committed 4864K, reserved 1056768K
  class space    used 481K, capacity 496K, committed 512K, reserved 1048576K
}
Event: 117,931 GC heap before
{Heap before GC invocations=19 (full 5):
 PSYoungGen      total 185856K, used 126351K [0x00000000eb700000, 0x00000000ffc80000, 0x0000000100000000)
  eden space 73728K, 100% used [0x00000000eb700000,0x00000000eff00000,0x00000000eff00000)
  from space 112128K, 46% used [0x00000000eff00000,0x00000000f3263dc8,0x00000000f6c80000)
  to   space 112128K, 0% used [0x00000000f8f00000,0x00000000f8f00000,0x00000000ffc80000)
 ParOldGen       total 579072K, used 415104K [0x00000000c2400000, 0x00000000e5980000, 0x00000000eb700000)
  object space 579072K, 71% used [0x00000000c2400000,0x00000000db9600e8,0x00000000e5980000)
 Metaspace       used 4606K, capacity 4688K, committed 4864K, reserved 1056768K
  class space    used 481K, capacity 496K, committed 512K, reserved 1048576K
Event: 127,907 GC heap after
Heap after GC invocations=19 (full 5):
 PSYoungGen      total 212992K, used 43392K [0x00000000eb700000, 0x00000000ff880000, 0x0000000100000000)
  eden space 104960K, 0% used [0x00000000eb700000,0x00000000eb700000,0x00000000f1d80000)
  from space 108032K, 40% used [0x00000000f8f00000,0x00000000fb960000,0x00000000ff880000)
  to   space 112128K, 0% used [0x00000000f1d80000,0x00000000f1d80000,0x00000000f8b00000)
 ParOldGen       total 579072K, used 467944K [0x00000000c2400000, 0x00000000e5980000, 0x00000000eb700000)
  object space 579072K, 80% used [0x00000000c2400000,0x00000000decfa0e8,0x00000000e5980000)
 Metaspace       used 4606K, capacity 4688K, committed 4864K, reserved 1056768K
  class space    used 481K, capacity 496K, committed 512K, reserved 1048576K
}
Event: 128,160 GC heap before
{Heap before GC invocations=20 (full 5):
 PSYoungGen      total 212992K, used 148352K [0x00000000eb700000, 0x00000000ff880000, 0x0000000100000000)
  eden space 104960K, 100% used [0x00000000eb700000,0x00000000f1d80000,0x00000000f1d80000)
  from space 108032K, 40% used [0x00000000f8f00000,0x00000000fb960000,0x00000000ff880000)
  to   space 112128K, 0% used [0x00000000f1d80000,0x00000000f1d80000,0x00000000f8b00000)
 ParOldGen       total 579072K, used 467944K [0x00000000c2400000, 0x00000000e5980000, 0x00000000eb700000)
  object space 579072K, 80% used [0x00000000c2400000,0x00000000decfa0e8,0x00000000e5980000)
 Metaspace       used 4606K, capacity 4688K, committed 4864K, reserved 1056768K
  class space    used 481K, capacity 496K, committed 512K, reserved 1048576K
Event: 148,144 GC heap after
Heap after GC invocations=20 (full 5):
 PSYoungGen      total 217088K, used 89216K [0x00000000eb700000, 0x0000000100000000, 0x0000000100000000)
  eden space 104960K, 0% used [0x00000000eb700000,0x00000000eb700000,0x00000000f1d80000)
  from space 112128K, 79% used [0x00000000f1d80000,0x00000000f74a0000,0x00000000f8b00000)
  to   space 112128K, 0% used [0x00000000f9280000,0x00000000f9280000,0x0000000100000000)
 ParOldGen       total 579072K, used 511424K [0x00000000c2400000, 0x00000000e5980000, 0x00000000eb700000)
  object space 579072K, 88% used [0x00000000c2400000,0x00000000e17700e8,0x00000000e5980000)
 Metaspace       used 4606K, capacity 4688K, committed 4864K, reserved 1056768K
  class space    used 481K, capacity 496K, committed 512K, reserved 1048576K
}
Event: 148,145 GC heap before
{Heap before GC invocations=21 (full 6):
 PSYoungGen      total 217088K, used 89216K [0x00000000eb700000, 0x0000000100000000, 0x0000000100000000)
  eden space 104960K, 0% used [0x00000000eb700000,0x00000000eb700000,0x00000000f1d80000)
  from space 112128K, 79% used [0x00000000f1d80000,0x00000000f74a0000,0x00000000f8b00000)
  to   space 112128K, 0% used [0x00000000f9280000,0x00000000f9280000,0x0000000100000000)
 ParOldGen       total 579072K, used 511424K [0x00000000c2400000, 0x00000000e5980000, 0x00000000eb700000)
  object space 579072K, 88% used [0x00000000c2400000,0x00000000e17700e8,0x00000000e5980000)
 Metaspace       used 4606K, capacity 4688K, committed 4864K, reserved 1056768K
  class space    used 481K, capacity 496K, committed 512K, reserved 1048576K

